[0m21:17:03.353314 [debug] [MainThread]: Sending event: {'category': 'dbt', 'action': 'invocation', 'label': 'start', 'context': [<snowplow_tracker.self_describing_json.SelfDescribingJson object at 0x00000190A1328F50>, <snowplow_tracker.self_describing_json.SelfDescribingJson object at 0x00000190A1097DD0>, <snowplow_tracker.self_describing_json.SelfDescribingJson object at 0x00000190A1312310>]}


============================== 21:17:03.359319 | 02a3d5bb-679c-49b8-9ccd-ff461afd1aed ==============================
[0m21:17:03.359319 [info ] [MainThread]: Running with dbt=1.8.7
[0m21:17:03.360856 [debug] [MainThread]: running dbt with arguments {'printer_width': '80', 'indirect_selection': 'eager', 'write_json': 'True', 'log_cache_events': 'False', 'partial_parse': 'True', 'cache_selected_only': 'False', 'profiles_dir': 'C:\\Users\\degio\\.dbt', 'debug': 'False', 'version_check': 'True', 'log_path': 'logs', 'fail_fast': 'False', 'warn_error': 'None', 'use_colors': 'True', 'use_experimental_parser': 'False', 'no_print': 'None', 'quiet': 'False', 'empty': 'None', 'log_format': 'default', 'introspect': 'True', 'warn_error_options': 'WarnErrorOptions(include=[], exclude=[])', 'invocation_command': 'dbt init', 'target_path': 'None', 'static_parser': 'True', 'send_anonymous_usage_stats': 'True'}
[0m21:17:03.386894 [warn ] [MainThread]: [ConfigFolderDirectory]: Unable to parse logging event dictionary. Failed to parse dir field: expected string or bytes-like object, got 'WindowsPath'.. Dictionary: {'dir': WindowsPath('C:/Users/degio/.dbt')}
[0m21:17:03.387895 [info ] [MainThread]: Creating dbt configuration folder at 
[0m21:17:07.406458 [debug] [MainThread]: Starter project path: C:\Users\degio\Downloads\Estudos 2023\Mon_Precos_DBT_SQL\.venv\Lib\site-packages\dbt\include\starter_project
[0m21:17:07.447986 [info ] [MainThread]: 
Your new dbt project "DBT" was created!

For more information on how to configure the profiles.yml file,
please consult the dbt documentation here:

  https://docs.getdbt.com/docs/configure-your-profile

One more thing:

Need help? Don't hesitate to reach out to us via GitHub issues or on Slack:

  https://community.getdbt.com/

Happy modeling!

[0m21:17:07.449997 [info ] [MainThread]: Setting up your profile.
[0m21:17:52.926951 [info ] [MainThread]: Profile DBT written to C:\Users\degio\.dbt\profiles.yml using target's profile_template.yml and your supplied values. Run 'dbt debug' to validate the connection.
[0m21:17:52.928952 [debug] [MainThread]: Command `dbt init` succeeded at 21:17:52.928952 after 49.66 seconds
[0m21:17:52.929964 [debug] [MainThread]: Sending event: {'category': 'dbt', 'action': 'invocation', 'label': 'end', 'context': [<snowplow_tracker.self_describing_json.SelfDescribingJson object at 0x000001909AE41150>, <snowplow_tracker.self_describing_json.SelfDescribingJson object at 0x000001909B03FC50>, <snowplow_tracker.self_describing_json.SelfDescribingJson object at 0x00000190A10A0510>]}
[0m21:17:52.930963 [debug] [MainThread]: Flushing usage events
